c:\users\equipo\documents\semestres ucv - pregrado - lic. computación\6to semestre\introduccion a la computación gráfica\proyecto\crashgame\bin\release\vc140.pdb
c:\users\equipo\documents\semestres ucv - pregrado - lic. computación\6to semestre\introduccion a la computación gráfica\proyecto\crashgame\bin\release\vertex.obj
c:\users\equipo\documents\semestres ucv - pregrado - lic. computación\6to semestre\introduccion a la computación gráfica\proyecto\crashgame\bin\release\userinterface.obj
c:\users\equipo\documents\semestres ucv - pregrado - lic. computación\6to semestre\introduccion a la computación gráfica\proyecto\crashgame\bin\release\sidebar.obj
c:\users\equipo\documents\semestres ucv - pregrado - lic. computación\6to semestre\introduccion a la computación gráfica\proyecto\crashgame\bin\release\rgb_.obj
c:\users\equipo\documents\semestres ucv - pregrado - lic. computación\6to semestre\introduccion a la computación gráfica\proyecto\crashgame\bin\release\off.obj
c:\users\equipo\documents\semestres ucv - pregrado - lic. computación\6to semestre\introduccion a la computación gráfica\proyecto\crashgame\bin\release\obj.obj
c:\users\equipo\documents\semestres ucv - pregrado - lic. computación\6to semestre\introduccion a la computación gráfica\proyecto\crashgame\bin\release\modelscreator.obj
c:\users\equipo\documents\semestres ucv - pregrado - lic. computación\6to semestre\introduccion a la computación gráfica\proyecto\crashgame\bin\release\model.obj
c:\users\equipo\documents\semestres ucv - pregrado - lic. computación\6to semestre\introduccion a la computación gráfica\proyecto\crashgame\bin\release\mediator_colleague.obj
c:\users\equipo\documents\semestres ucv - pregrado - lic. computación\6to semestre\introduccion a la computación gráfica\proyecto\crashgame\bin\release\main.obj
c:\users\equipo\documents\semestres ucv - pregrado - lic. computación\6to semestre\introduccion a la computación gráfica\proyecto\crashgame\bin\release\glslprogram.obj
c:\users\equipo\documents\semestres ucv - pregrado - lic. computación\6to semestre\introduccion a la computación gráfica\proyecto\crashgame\bin\release\fileloader.obj
c:\users\equipo\documents\semestres ucv - pregrado - lic. computación\6to semestre\introduccion a la computación gráfica\proyecto\crashgame\bin\release\creatoroff.obj
c:\users\equipo\documents\semestres ucv - pregrado - lic. computación\6to semestre\introduccion a la computación gráfica\proyecto\crashgame\bin\release\creatorobj.obj
c:\users\equipo\documents\semestres ucv - pregrado - lic. computación\6to semestre\introduccion a la computación gráfica\proyecto\crashgame\bin\release\concretemediator.obj
c:\users\equipo\documents\semestres ucv - pregrado - lic. computación\6to semestre\introduccion a la computación gráfica\proyecto\crashgame\bin\release\boundingbox.obj
c:\users\equipo\documents\semestres ucv - pregrado - lic. computación\6to semestre\introduccion a la computación gráfica\proyecto\crashgame\bin\release\.netframework,version=v4.0.assemblyattributes.obj
c:\users\equipo\documents\semestres ucv - pregrado - lic. computación\6to semestre\introduccion a la computación gráfica\proyecto\crashgame\bin\release\.netframework,version=v4.0.assemblyattributes.asm
c:\users\equipo\documents\semestres ucv - pregrado - lic. computación\6to semestre\introduccion a la computación gráfica\proyecto\crashgame\bin\release\crashgame.exe
c:\users\equipo\documents\semestres ucv - pregrado - lic. computación\6to semestre\introduccion a la computación gráfica\proyecto\crashgame\bin\release\crashgame.pdb
c:\users\equipo\documents\semestres ucv - pregrado - lic. computación\6to semestre\introduccion a la computación gráfica\proyecto\crashgame\bin\release\crashgame.vcxprojresolveassemblyreference.cache
c:\users\equipo\documents\semestres ucv - pregrado - lic. computación\6to semestre\introduccion a la computación gráfica\proyecto\crashgame\bin\release\crashgame.exe.metagen
c:\users\equipo\documents\semestres ucv - pregrado - lic. computación\6to semestre\introduccion a la computación gráfica\proyecto\crashgame\bin\release\crashgame.tlog\cl.command.1.tlog
c:\users\equipo\documents\semestres ucv - pregrado - lic. computación\6to semestre\introduccion a la computación gráfica\proyecto\crashgame\bin\release\crashgame.tlog\cl.read.1.tlog
c:\users\equipo\documents\semestres ucv - pregrado - lic. computación\6to semestre\introduccion a la computación gráfica\proyecto\crashgame\bin\release\crashgame.tlog\cl.write.1.tlog
c:\users\equipo\documents\semestres ucv - pregrado - lic. computación\6to semestre\introduccion a la computación gráfica\proyecto\crashgame\bin\release\crashgame.tlog\link.command.1.tlog
c:\users\equipo\documents\semestres ucv - pregrado - lic. computación\6to semestre\introduccion a la computación gráfica\proyecto\crashgame\bin\release\crashgame.tlog\link.read.1.tlog
c:\users\equipo\documents\semestres ucv - pregrado - lic. computación\6to semestre\introduccion a la computación gráfica\proyecto\crashgame\bin\release\crashgame.tlog\link.write.1.tlog
c:\users\equipo\documents\semestres ucv - pregrado - lic. computación\6to semestre\introduccion a la computación gráfica\proyecto\crashgame\bin\release\crashgame.tlog\metagen.read.1.tlog
c:\users\equipo\documents\semestres ucv - pregrado - lic. computación\6to semestre\introduccion a la computación gráfica\proyecto\crashgame\bin\release\crashgame.tlog\metagen.write.1.tlog
c:\users\equipo\documents\semestres ucv - pregrado - lic. computación\6to semestre\introduccion a la computación gráfica\proyecto\crashgame\bin\release\crashgame.tlog\tzres.dll.bi
