  BoundingBox.cpp
  Camera.cpp
  ConcreteGameController.cpp
  ConcreteRenderController.cpp
  CreatorMD2.cpp
  CreatorMD5.cpp
  CreatorOBJ.cpp
  CreatorOFF.cpp
  Enemy.cpp
  CGLSLProgram.cpp
  GameInterface.cpp
  Light.cpp
  Main.cpp
  MD2.cpp
  MD5.cpp
  Model.cpp
  ModelRoutesData.cpp
  ModelsCreator.cpp
  OBJ.cpp
  Object.cpp
  Generating Code...
  Compiling...
  OFF.cpp
  Player.cpp
  Projection.cpp
  RenderInterface.cpp
  GUI.cpp
  SkyBox.cpp
  Sound.cpp
  Stage.cpp
  Texture.cpp
  Transformation.cpp
  Generating Code...
  .NETFramework,Version=v4.0.AssemblyAttributes.cpp
  BoundingBox.obj : /DEBUG:FASTLINK is not supported when managed code is present; restarting link with /DEBUG:FULL
LINK : warning LNK4098: defaultlib 'MSVCRT' conflicts with use of other libs; use /NODEFAULTLIB:library
GUI.obj : warning LNK4248: unresolved typeref token (01000015) for 'GLFWwindow'; image may not run
ConcreteRenderController.obj : warning LNK4248: unresolved typeref token (01000015) for 'GLFWwindow'; image may not run
GUI.obj : warning LNK4248: unresolved typeref token (01000019) for 'GLFWmonitor'; image may not run
  CrashGame.vcxproj -> C:\Users\Equipo\Documents\Semestres UCV - Pregrado - Lic. Computación\6to Semestre\Introduccion a la Computación Gráfica\Proyecto\CrashGame\bin\Debug\CrashGame.exe
  CrashGame.vcxproj -> C:\Users\Equipo\Documents\Semestres UCV - Pregrado - Lic. Computación\6to Semestre\Introduccion a la Computación Gráfica\Proyecto\CrashGame\bin\Debug\CrashGame.pdb (Partial PDB)
