c:\users\equipo\documents\semestres ucv - pregrado - lic. computación\6to semestre\introduccion a la computación gráfica\proyecto\crashgame\bin\debug\vc140.pdb
c:\users\equipo\documents\semestres ucv - pregrado - lic. computación\6to semestre\introduccion a la computación gráfica\proyecto\crashgame\bin\debug\vc140.idb
c:\users\equipo\documents\semestres ucv - pregrado - lic. computación\6to semestre\introduccion a la computación gráfica\proyecto\crashgame\bin\debug\gameinterface.obj
c:\users\equipo\documents\semestres ucv - pregrado - lic. computación\6to semestre\introduccion a la computación gráfica\proyecto\crashgame\bin\debug\light.obj
c:\users\equipo\documents\semestres ucv - pregrado - lic. computación\6to semestre\introduccion a la computación gráfica\proyecto\crashgame\bin\debug\main.obj
c:\users\equipo\documents\semestres ucv - pregrado - lic. computación\6to semestre\introduccion a la computación gráfica\proyecto\crashgame\bin\debug\md2.obj
c:\users\equipo\documents\semestres ucv - pregrado - lic. computación\6to semestre\introduccion a la computación gráfica\proyecto\crashgame\bin\debug\md5.obj
c:\users\equipo\documents\semestres ucv - pregrado - lic. computación\6to semestre\introduccion a la computación gráfica\proyecto\crashgame\bin\debug\model.obj
c:\users\equipo\documents\semestres ucv - pregrado - lic. computación\6to semestre\introduccion a la computación gráfica\proyecto\crashgame\bin\debug\modelroutesdata.obj
c:\users\equipo\documents\semestres ucv - pregrado - lic. computación\6to semestre\introduccion a la computación gráfica\proyecto\crashgame\bin\debug\modelscreator.obj
c:\users\equipo\documents\semestres ucv - pregrado - lic. computación\6to semestre\introduccion a la computación gráfica\proyecto\crashgame\bin\debug\obj.obj
c:\users\equipo\documents\semestres ucv - pregrado - lic. computación\6to semestre\introduccion a la computación gráfica\proyecto\crashgame\bin\debug\object.obj
c:\users\equipo\documents\semestres ucv - pregrado - lic. computación\6to semestre\introduccion a la computación gráfica\proyecto\crashgame\bin\debug\off.obj
c:\users\equipo\documents\semestres ucv - pregrado - lic. computación\6to semestre\introduccion a la computación gráfica\proyecto\crashgame\bin\debug\player.obj
c:\users\equipo\documents\semestres ucv - pregrado - lic. computación\6to semestre\introduccion a la computación gráfica\proyecto\crashgame\bin\debug\projection.obj
c:\users\equipo\documents\semestres ucv - pregrado - lic. computación\6to semestre\introduccion a la computación gráfica\proyecto\crashgame\bin\debug\renderinterface.obj
c:\users\equipo\documents\semestres ucv - pregrado - lic. computación\6to semestre\introduccion a la computación gráfica\proyecto\crashgame\bin\debug\gui.obj
c:\users\equipo\documents\semestres ucv - pregrado - lic. computación\6to semestre\introduccion a la computación gráfica\proyecto\crashgame\bin\debug\skybox.obj
c:\users\equipo\documents\semestres ucv - pregrado - lic. computación\6to semestre\introduccion a la computación gráfica\proyecto\crashgame\bin\debug\sound.obj
c:\users\equipo\documents\semestres ucv - pregrado - lic. computación\6to semestre\introduccion a la computación gráfica\proyecto\crashgame\bin\debug\stage.obj
c:\users\equipo\documents\semestres ucv - pregrado - lic. computación\6to semestre\introduccion a la computación gráfica\proyecto\crashgame\bin\debug\texture.obj
c:\users\equipo\documents\semestres ucv - pregrado - lic. computación\6to semestre\introduccion a la computación gráfica\proyecto\crashgame\bin\debug\transformation.obj
c:\users\equipo\documents\semestres ucv - pregrado - lic. computación\6to semestre\introduccion a la computación gráfica\proyecto\crashgame\bin\debug\boundingbox.obj
c:\users\equipo\documents\semestres ucv - pregrado - lic. computación\6to semestre\introduccion a la computación gráfica\proyecto\crashgame\bin\debug\camera.obj
c:\users\equipo\documents\semestres ucv - pregrado - lic. computación\6to semestre\introduccion a la computación gráfica\proyecto\crashgame\bin\debug\concretegamecontroller.obj
c:\users\equipo\documents\semestres ucv - pregrado - lic. computación\6to semestre\introduccion a la computación gráfica\proyecto\crashgame\bin\debug\concreterendercontroller.obj
c:\users\equipo\documents\semestres ucv - pregrado - lic. computación\6to semestre\introduccion a la computación gráfica\proyecto\crashgame\bin\debug\creatormd2.obj
c:\users\equipo\documents\semestres ucv - pregrado - lic. computación\6to semestre\introduccion a la computación gráfica\proyecto\crashgame\bin\debug\creatormd5.obj
c:\users\equipo\documents\semestres ucv - pregrado - lic. computación\6to semestre\introduccion a la computación gráfica\proyecto\crashgame\bin\debug\creatorobj.obj
c:\users\equipo\documents\semestres ucv - pregrado - lic. computación\6to semestre\introduccion a la computación gráfica\proyecto\crashgame\bin\debug\creatoroff.obj
c:\users\equipo\documents\semestres ucv - pregrado - lic. computación\6to semestre\introduccion a la computación gráfica\proyecto\crashgame\bin\debug\enemy.obj
c:\users\equipo\documents\semestres ucv - pregrado - lic. computación\6to semestre\introduccion a la computación gráfica\proyecto\crashgame\bin\debug\cglslprogram.obj
c:\users\equipo\documents\semestres ucv - pregrado - lic. computación\6to semestre\introduccion a la computación gráfica\proyecto\crashgame\bin\debug\crashgame.pdb
c:\users\equipo\documents\semestres ucv - pregrado - lic. computación\6to semestre\introduccion a la computación gráfica\proyecto\crashgame\bin\debug\crashgame.tlog\cl.command.1.tlog
c:\users\equipo\documents\semestres ucv - pregrado - lic. computación\6to semestre\introduccion a la computación gráfica\proyecto\crashgame\bin\debug\crashgame.tlog\cl.read.1.tlog
c:\users\equipo\documents\semestres ucv - pregrado - lic. computación\6to semestre\introduccion a la computación gráfica\proyecto\crashgame\bin\debug\crashgame.tlog\cl.write.1.tlog
c:\users\equipo\documents\semestres ucv - pregrado - lic. computación\6to semestre\introduccion a la computación gráfica\proyecto\crashgame\bin\debug\crashgame.tlog\link-cvtres.read.1.tlog
c:\users\equipo\documents\semestres ucv - pregrado - lic. computación\6to semestre\introduccion a la computación gráfica\proyecto\crashgame\bin\debug\crashgame.tlog\link-cvtres.write.1.tlog
c:\users\equipo\documents\semestres ucv - pregrado - lic. computación\6to semestre\introduccion a la computación gráfica\proyecto\crashgame\bin\debug\crashgame.tlog\link-rc.read.1.tlog
c:\users\equipo\documents\semestres ucv - pregrado - lic. computación\6to semestre\introduccion a la computación gráfica\proyecto\crashgame\bin\debug\crashgame.tlog\link-rc.write.1.tlog
c:\users\equipo\documents\semestres ucv - pregrado - lic. computación\6to semestre\introduccion a la computación gráfica\proyecto\crashgame\bin\debug\crashgame.tlog\link.command.1.tlog
c:\users\equipo\documents\semestres ucv - pregrado - lic. computación\6to semestre\introduccion a la computación gráfica\proyecto\crashgame\bin\debug\crashgame.tlog\link.read.1.tlog
c:\users\equipo\documents\semestres ucv - pregrado - lic. computación\6to semestre\introduccion a la computación gráfica\proyecto\crashgame\bin\debug\crashgame.tlog\link.write.1.tlog
